<?xml version="1.0" encoding="UTF-8"?>
<coverage generated="1623682117196" clover="3.2.0">
  <project timestamp="1623682117197" name="All files">
    <metrics statements="33" coveredstatements="29" conditionals="0" coveredconditionals="0" methods="18" coveredmethods="14" elements="51" coveredelements="43" complexity="0" loc="33" ncloc="33" packages="1" files="4" classes="4"/>
    <file name="arith.js" path="/home/pc/software-projects/POC/CI-projects/increase-coverage-ci/arith.js">
      <metrics statements="5" coveredstatements="5" conditionals="0" coveredconditionals="0" methods="4" coveredmethods="4"/>
      <line num="1" count="4" type="stmt"/>
      <line num="2" count="4" type="stmt"/>
      <line num="3" count="5" type="stmt"/>
      <line num="4" count="5" type="stmt"/>
      <line num="6" count="3" type="stmt"/>
    </file>
    <file name="math-utils.js" path="/home/pc/software-projects/POC/CI-projects/increase-coverage-ci/math-utils.js">
      <metrics statements="18" coveredstatements="14" conditionals="0" coveredconditionals="0" methods="10" coveredmethods="6"/>
      <line num="1" count="2" type="stmt"/>
      <line num="2" count="2" type="stmt"/>
      <line num="4" count="2" type="stmt"/>
      <line num="5" count="12" type="stmt"/>
      <line num="8" count="2" type="stmt"/>
      <line num="11" count="2" type="stmt"/>
      <line num="12" count="2" type="stmt"/>
      <line num="13" count="12" type="stmt"/>
      <line num="17" count="2" type="stmt"/>
      <line num="18" count="0" type="stmt"/>
      <line num="19" count="0" type="stmt"/>
      <line num="23" count="2" type="stmt"/>
      <line num="24" count="2" type="stmt"/>
      <line num="25" count="12" type="stmt"/>
      <line num="29" count="2" type="stmt"/>
      <line num="30" count="0" type="stmt"/>
      <line num="31" count="0" type="stmt"/>
      <line num="35" count="2" type="stmt"/>
    </file>
    <file name="string-utils.js" path="/home/pc/software-projects/POC/CI-projects/increase-coverage-ci/string-utils.js">
      <metrics statements="6" coveredstatements="6" conditionals="0" coveredconditionals="0" methods="3" coveredmethods="3"/>
      <line num="1" count="6" type="stmt"/>
      <line num="3" count="1" type="stmt"/>
      <line num="4" count="3" type="stmt"/>
      <line num="5" count="6" type="stmt"/>
      <line num="8" count="3" type="stmt"/>
      <line num="11" count="1" type="stmt"/>
    </file>
    <file name="users.js" path="/home/pc/software-projects/POC/CI-projects/increase-coverage-ci/users.js">
      <metrics statements="4" coveredstatements="4" conditionals="0" coveredconditionals="0" methods="1" coveredmethods="1"/>
      <line num="1" count="1" type="stmt"/>
      <line num="5" count="1" type="stmt"/>
      <line num="6" count="1" type="stmt"/>
      <line num="10" count="1" type="stmt"/>
    </file>
  </project>
</coverage>
