{"/home/pc/software-projects/POC/CI-projects/increase-coverage-ci/arith.js": {"path":"/home/pc/software-projects/POC/CI-projects/increase-coverage-ci/arith.js","statementMap":{"0":{"start":{"line":1,"column":12},"end":{"line":1,"column":27}},"1":{"start":{"line":1,"column":22},"end":{"line":1,"column":27}},"2":{"start":{"line":2,"column":12},"end":{"line":2,"column":27}},"3":{"start":{"line":2,"column":22},"end":{"line":2,"column":27}},"4":{"start":{"line":3,"column":12},"end":{"line":3,"column":27}},"5":{"start":{"line":3,"column":22},"end":{"line":3,"column":27}},"6":{"start":{"line":4,"column":12},"end":{"line":4,"column":27}},"7":{"start":{"line":4,"column":22},"end":{"line":4,"column":27}},"8":{"start":{"line":6,"column":0},"end":{"line":6,"column":40}}},"fnMap":{"0":{"name":"(anonymous_0)","decl":{"start":{"line":1,"column":12},"end":{"line":1,"column":13}},"loc":{"start":{"line":1,"column":22},"end":{"line":1,"column":27}},"line":1},"1":{"name":"(anonymous_1)","decl":{"start":{"line":2,"column":12},"end":{"line":2,"column":13}},"loc":{"start":{"line":2,"column":22},"end":{"line":2,"column":27}},"line":2},"2":{"name":"(anonymous_2)","decl":{"start":{"line":3,"column":12},"end":{"line":3,"column":13}},"loc":{"start":{"line":3,"column":22},"end":{"line":3,"column":27}},"line":3},"3":{"name":"(anonymous_3)","decl":{"start":{"line":4,"column":12},"end":{"line":4,"column":13}},"loc":{"start":{"line":4,"column":22},"end":{"line":4,"column":27}},"line":4}},"branchMap":{},"s":{"0":3,"1":4,"2":3,"3":4,"4":3,"5":5,"6":3,"7":5,"8":3},"f":{"0":4,"1":4,"2":5,"3":5},"b":{},"_coverageSchema":"1a1c01bbd47fc00a2c39e90264f33305004495a9","hash":"7114584cf5cb5b4cabec1796796bf3df473f85d5"}
,"/home/pc/software-projects/POC/CI-projects/increase-coverage-ci/math-utils.js": {"path":"/home/pc/software-projects/POC/CI-projects/increase-coverage-ci/math-utils.js","statementMap":{"0":{"start":{"line":1,"column":12},"end":{"line":9,"column":1}},"1":{"start":{"line":2,"column":12},"end":{"line":2,"column":13}},"2":{"start":{"line":4,"column":2},"end":{"line":6,"column":5}},"3":{"start":{"line":5,"column":4},"end":{"line":5,"column":15}},"4":{"start":{"line":8,"column":2},"end":{"line":8,"column":13}},"5":{"start":{"line":11,"column":17},"end":{"line":15,"column":1}},"6":{"start":{"line":12,"column":2},"end":{"line":14,"column":5}},"7":{"start":{"line":13,"column":4},"end":{"line":13,"column":17}},"8":{"start":{"line":17,"column":18},"end":{"line":21,"column":1}},"9":{"start":{"line":18,"column":2},"end":{"line":20,"column":5}},"10":{"start":{"line":19,"column":4},"end":{"line":19,"column":17}},"11":{"start":{"line":23,"column":17},"end":{"line":27,"column":1}},"12":{"start":{"line":24,"column":2},"end":{"line":26,"column":5}},"13":{"start":{"line":25,"column":4},"end":{"line":25,"column":17}},"14":{"start":{"line":29,"column":18},"end":{"line":33,"column":1}},"15":{"start":{"line":30,"column":2},"end":{"line":32,"column":5}},"16":{"start":{"line":31,"column":4},"end":{"line":31,"column":17}},"17":{"start":{"line":35,"column":0},"end":{"line":35,"column":67}}},"fnMap":{"0":{"name":"(anonymous_0)","decl":{"start":{"line":1,"column":12},"end":{"line":1,"column":13}},"loc":{"start":{"line":1,"column":22},"end":{"line":9,"column":1}},"line":1},"1":{"name":"(anonymous_1)","decl":{"start":{"line":4,"column":15},"end":{"line":4,"column":16}},"loc":{"start":{"line":4,"column":24},"end":{"line":6,"column":3}},"line":4},"2":{"name":"(anonymous_2)","decl":{"start":{"line":11,"column":17},"end":{"line":11,"column":18}},"loc":{"start":{"line":11,"column":27},"end":{"line":15,"column":1}},"line":11},"3":{"name":"(anonymous_3)","decl":{"start":{"line":12,"column":21},"end":{"line":12,"column":22}},"loc":{"start":{"line":12,"column":28},"end":{"line":14,"column":3}},"line":12},"4":{"name":"(anonymous_4)","decl":{"start":{"line":17,"column":18},"end":{"line":17,"column":19}},"loc":{"start":{"line":17,"column":28},"end":{"line":21,"column":1}},"line":17},"5":{"name":"(anonymous_5)","decl":{"start":{"line":18,"column":21},"end":{"line":18,"column":22}},"loc":{"start":{"line":18,"column":28},"end":{"line":20,"column":3}},"line":18},"6":{"name":"(anonymous_6)","decl":{"start":{"line":23,"column":17},"end":{"line":23,"column":18}},"loc":{"start":{"line":23,"column":27},"end":{"line":27,"column":1}},"line":23},"7":{"name":"(anonymous_7)","decl":{"start":{"line":24,"column":21},"end":{"line":24,"column":22}},"loc":{"start":{"line":24,"column":28},"end":{"line":26,"column":3}},"line":24},"8":{"name":"(anonymous_8)","decl":{"start":{"line":29,"column":18},"end":{"line":29,"column":19}},"loc":{"start":{"line":29,"column":28},"end":{"line":33,"column":1}},"line":29},"9":{"name":"(anonymous_9)","decl":{"start":{"line":30,"column":21},"end":{"line":30,"column":22}},"loc":{"start":{"line":30,"column":28},"end":{"line":32,"column":3}},"line":30}},"branchMap":{},"s":{"0":2,"1":2,"2":2,"3":12,"4":2,"5":2,"6":2,"7":12,"8":2,"9":0,"10":0,"11":2,"12":2,"13":12,"14":2,"15":0,"16":0,"17":2},"f":{"0":2,"1":12,"2":2,"3":12,"4":0,"5":0,"6":2,"7":12,"8":0,"9":0},"b":{},"_coverageSchema":"1a1c01bbd47fc00a2c39e90264f33305004495a9","hash":"60b016914715b69f0365379b870f307d02062d5c"}
,"/home/pc/software-projects/POC/CI-projects/increase-coverage-ci/string-utils.js": {"path":"/home/pc/software-projects/POC/CI-projects/increase-coverage-ci/string-utils.js","statementMap":{"0":{"start":{"line":1,"column":21},"end":{"line":1,"column":78}},"1":{"start":{"line":1,"column":33},"end":{"line":1,"column":78}},"2":{"start":{"line":3,"column":18},"end":{"line":9,"column":1}},"3":{"start":{"line":4,"column":21},"end":{"line":6,"column":3}},"4":{"start":{"line":5,"column":4},"end":{"line":5,"column":63}},"5":{"start":{"line":8,"column":2},"end":{"line":8,"column":43}},"6":{"start":{"line":11,"column":0},"end":{"line":11,"column":45}}},"fnMap":{"0":{"name":"(anonymous_0)","decl":{"start":{"line":1,"column":21},"end":{"line":1,"column":22}},"loc":{"start":{"line":1,"column":33},"end":{"line":1,"column":78}},"line":1},"1":{"name":"(anonymous_1)","decl":{"start":{"line":3,"column":18},"end":{"line":3,"column":19}},"loc":{"start":{"line":3,"column":30},"end":{"line":9,"column":1}},"line":3},"2":{"name":"(anonymous_2)","decl":{"start":{"line":4,"column":21},"end":{"line":4,"column":22}},"loc":{"start":{"line":4,"column":31},"end":{"line":6,"column":3}},"line":4}},"branchMap":{},"s":{"0":1,"1":6,"2":1,"3":3,"4":6,"5":3,"6":1},"f":{"0":6,"1":3,"2":6},"b":{},"_coverageSchema":"1a1c01bbd47fc00a2c39e90264f33305004495a9","hash":"f9a236c06417fa075e25bc62351061797abccee4"}
,"/home/pc/software-projects/POC/CI-projects/increase-coverage-ci/users.js": {"path":"/home/pc/software-projects/POC/CI-projects/increase-coverage-ci/users.js","statementMap":{"0":{"start":{"line":1,"column":14},"end":{"line":1,"column":30}},"1":{"start":{"line":5,"column":14},"end":{"line":5,"column":60}},"2":{"start":{"line":6,"column":4},"end":{"line":6,"column":15}},"3":{"start":{"line":10,"column":0},"end":{"line":10,"column":23}}},"fnMap":{"0":{"name":"(anonymous_0)","decl":{"start":{"line":4,"column":2},"end":{"line":4,"column":3}},"loc":{"start":{"line":4,"column":21},"end":{"line":7,"column":3}},"line":4}},"branchMap":{},"s":{"0":1,"1":1,"2":1,"3":1},"f":{"0":1},"b":{},"_coverageSchema":"1a1c01bbd47fc00a2c39e90264f33305004495a9","hash":"b28ae95415c01ebc5546f8b94bdeaee9a6f3ace4"}
}
